<?xml version="1.0" encoding="UTF-8"?>
<testsuite xmlns:xsi="http://www.w3.org/2001/XMLSchema-instance" xsi:noNamespaceSchemaLocation="https://maven.apache.org/surefire/maven-surefire-plugin/xsd/surefire-test-report.xsd" name="ConstructorTabsTest" time="10.093" tests="3" errors="0" skipped="0" failures="0">
  <properties>
[...]
</properties>
  <testcase name="openSaucesTab" classname="ConstructorTabsTest" time="8.871"/>
  <testcase name="openFillingsTab" classname="ConstructorTabsTest" time="0.592"/>
  <testcase name="openBunsTab" classname="ConstructorTabsTest" time="0.627"/>
</testsuite>